Flow report for traffic
Thu Sep 21 16:15:35 2017
Quartus II Version 9.0 Build 132 02/25/2009 SJ Full Version


---------------------
; Table of Contents ;
---------------------
  1. Legal Notice
  2. Flow Summary
  3. Flow Settings
  4. Flow Non-Default Global Settings
  5. Flow Elapsed Time
  6. Flow OS Summary
  7. Flow Log



----------------
; Legal Notice ;
----------------
Copyright (C) 1991-2009 Altera Corporation
Your use of Altera Corporation's design tools, logic functions 
and other software and tools, and its AMPP partner logic 
functions, and any output files from any of the foregoing 
(including device programming or simulation files), and any 
associated documentation or information are expressly subject 
to the terms and conditions of the Altera Program License 
Subscription Agreement, Altera MegaCore Function License 
Agreement, or other applicable license agreement, including, 
without limitation, that your use is for the sole purpose of 
programming logic devices manufactured by Altera and sold by 
Altera or its authorized distributors.  Please refer to the 
applicable agreement for further details.



+--------------------------------------------------------------------+
; Flow Summary                                                       ;
+-------------------------+------------------------------------------+
; Flow Status             ; Successful - Thu Sep 21 16:15:35 2017    ;
; Quartus II Version      ; 9.0 Build 132 02/25/2009 SJ Full Version ;
; Revision Name           ; traffic                                  ;
; Top-level Entity Name   ; Block1                                   ;
; Family                  ; Cyclone                                  ;
; Device                  ; EP1C6Q240C8                              ;
; Timing Models           ; Final                                    ;
; Met timing requirements ; No                                       ;
; Total logic elements    ; 216 / 5,980 ( 4 % )                      ;
; Total pins              ; 39 / 185 ( 21 % )                        ;
; Total virtual pins      ; 0                                        ;
; Total memory bits       ; 0 / 92,160 ( 0 % )                       ;
; Total PLLs              ; 0 / 2 ( 0 % )                            ;
+-------------------------+------------------------------------------+


+-----------------------------------------+
; Flow Settings                           ;
+-------------------+---------------------+
; Option            ; Setting             ;
+-------------------+---------------------+
; Start date & time ; 09/21/2017 16:15:28 ;
; Main task         ; Compilation         ;
; Revision Name     ; traffic             ;
+-------------------+---------------------+


+-----------------------------------------------------------------------------------------------------------------------+
; Flow Non-Default Global Settings                                                                                      ;
+------------------------------------+-----------------------------------+---------------+-------------+----------------+
; Assignment Name                    ; Value                             ; Default Value ; Entity Name ; Section Id     ;
+------------------------------------+-----------------------------------+---------------+-------------+----------------+
; COMPILER_SIGNATURE_ID              ; 53164090045821.150598172814124    ; --            ; --          ; --             ;
; MISC_FILE                          ; F:/Qutuars9.0/traffic/traffic.dpf ; --            ; --          ; --             ;
; PARTITION_COLOR                    ; 16764057                          ; --            ; Block1      ; Top            ;
; PARTITION_NETLIST_TYPE             ; SOURCE                            ; --            ; Block1      ; Top            ;
; TOP_LEVEL_ENTITY                   ; Block1                            ; traffic       ; --          ; --             ;
; USE_GENERATED_PHYSICAL_CONSTRAINTS ; Off                               ; --            ; --          ; eda_blast_fpga ;
+------------------------------------+-----------------------------------+---------------+-------------+----------------+


+-----------------------------------------------------------------------------------------------------------------------------+
; Flow Elapsed Time                                                                                                           ;
+-------------------------+--------------+-------------------------+---------------------+------------------------------------+
; Module Name             ; Elapsed Time ; Average Processors Used ; Peak Virtual Memory ; Total CPU Time (on all processors) ;
+-------------------------+--------------+-------------------------+---------------------+------------------------------------+
; Analysis & Synthesis    ; 00:00:01     ; 1.0                     ; 248 MB              ; 00:00:01                           ;
; Fitter                  ; 00:00:03     ; 1.0                     ; 287 MB              ; 00:00:01                           ;
; Assembler               ; 00:00:00     ; 1.0                     ; 205 MB              ; 00:00:00                           ;
; Classic Timing Analyzer ; 00:00:00     ; 1.0                     ; 193 MB              ; 00:00:00                           ;
; Total                   ; 00:00:04     ; --                      ; --                  ; 00:00:02                           ;
+-------------------------+--------------+-------------------------+---------------------+------------------------------------+


+------------------------------------------------------------------------------------------+
; Flow OS Summary                                                                          ;
+-------------------------+------------------+---------------+------------+----------------+
; Module Name             ; Machine Hostname ; OS Name       ; OS Version ; Processor type ;
+-------------------------+------------------+---------------+------------+----------------+
; Analysis & Synthesis    ; DESKTOP-T2COAKD  ; Windows Vista ; 6.2        ; x86_64         ;
; Fitter                  ; DESKTOP-T2COAKD  ; Windows Vista ; 6.2        ; x86_64         ;
; Assembler               ; DESKTOP-T2COAKD  ; Windows Vista ; 6.2        ; x86_64         ;
; Classic Timing Analyzer ; DESKTOP-T2COAKD  ; Windows Vista ; 6.2        ; x86_64         ;
+-------------------------+------------------+---------------+------------+----------------+


------------
; Flow Log ;
------------
quartus_map --read_settings_files=on --write_settings_files=off traffic -c traffic
quartus_fit --read_settings_files=off --write_settings_files=off traffic -c traffic
quartus_asm --read_settings_files=off --write_settings_files=off traffic -c traffic
quartus_tan --read_settings_files=off --write_settings_files=off traffic -c traffic --timing_analysis_only



